01:05:16.971 [DEBUG] [org.gradle.launcher.daemon.bootstrap.DaemonMain] Assuming the daemon was started with following jvm opts: [-XX:+HeapDumpOnOutOfMemoryError, -Xmx1024m, -Dfile.encoding=UTF-8, -Duser.country, -Duser.language=en, -Duser.variant]
01:05:17.513 [INFO] [org.gradle.launcher.daemon.server.Daemon] start() called on daemon - DefaultDaemonContext[uid=ec2761cc-ca82-4814-a483-e8033dc9b376,javaHome=/opt/jdk1.8.0_162,daemonRegistryDir=/api-gateway/cache/daemon,pid=27,idleTimeout=10800000,daemonOpts=-XX:+HeapDumpOnOutOfMemoryError,-Xmx1024m,-Dfile.encoding=UTF-8,-Duser.country,-Duser.language=en,-Duser.variant]
01:05:17.594 [DEBUG] [org.gradle.internal.remote.internal.inet.InetAddresses] Adding IP addresses for network interface eth0
01:05:17.605 [DEBUG] [org.gradle.internal.remote.internal.inet.InetAddresses] Is this a loopback interface? false
01:05:17.612 [DEBUG] [org.gradle.internal.remote.internal.inet.InetAddresses] Is this a multicast interface? true
01:05:17.619 [DEBUG] [org.gradle.internal.remote.internal.inet.InetAddresses] Adding remote address /172.20.0.5
01:05:17.624 [DEBUG] [org.gradle.internal.remote.internal.inet.InetAddresses] Adding remote multicast interface eth0
01:05:17.631 [DEBUG] [org.gradle.internal.remote.internal.inet.InetAddresses] Adding IP addresses for network interface lo
01:05:17.637 [DEBUG] [org.gradle.internal.remote.internal.inet.InetAddresses] Is this a loopback interface? true
01:05:17.642 [DEBUG] [org.gradle.internal.remote.internal.inet.InetAddresses] Is this a multicast interface? false
01:05:17.647 [DEBUG] [org.gradle.internal.remote.internal.inet.InetAddresses] Adding loopback address /127.0.0.1
01:05:17.660 [DEBUG] [org.gradle.internal.remote.internal.inet.TcpIncomingConnector] Listening on [9570dcfc-e1ba-495e-a3e9-17c632d2b59b port:34169, addresses:[/127.0.0.1]].
01:05:17.675 [DEBUG] [org.gradle.launcher.daemon.server.Daemon] Daemon starting at: Sun Apr 01 01:05:17 GMT 2018, with address: [9570dcfc-e1ba-495e-a3e9-17c632d2b59b port:34169, addresses:[/127.0.0.1]]
01:05:17.687 [INFO] [org.gradle.launcher.daemon.server.DaemonRegistryUpdater] Advertising the daemon address to the clients: [9570dcfc-e1ba-495e-a3e9-17c632d2b59b port:34169, addresses:[/127.0.0.1]]
01:05:17.700 [DEBUG] [org.gradle.launcher.daemon.server.DaemonRegistryUpdater] Advertised daemon context: DefaultDaemonContext[uid=ec2761cc-ca82-4814-a483-e8033dc9b376,javaHome=/opt/jdk1.8.0_162,daemonRegistryDir=/api-gateway/cache/daemon,pid=27,idleTimeout=10800000,daemonOpts=-XX:+HeapDumpOnOutOfMemoryError,-Xmx1024m,-Dfile.encoding=UTF-8,-Duser.country,-Duser.language=en,-Duser.variant]
01:05:17.708 [DEBUG] [org.gradle.launcher.daemon.registry.PersistentDaemonRegistry] Storing daemon address: [9570dcfc-e1ba-495e-a3e9-17c632d2b59b port:34169, addresses:[/127.0.0.1]], context: DefaultDaemonContext[uid=ec2761cc-ca82-4814-a483-e8033dc9b376,javaHome=/opt/jdk1.8.0_162,daemonRegistryDir=/api-gateway/cache/daemon,pid=27,idleTimeout=10800000,daemonOpts=-XX:+HeapDumpOnOutOfMemoryError,-Xmx1024m,-Dfile.encoding=UTF-8,-Duser.country,-Duser.language=en,-Duser.variant]
01:05:17.748 [DEBUG] [org.gradle.cache.internal.DefaultFileLockManager] Waiting to acquire exclusive lock on daemon addresses registry.
01:05:17.805 [DEBUG] [org.gradle.cache.internal.DefaultFileLockManager] Lock acquired on daemon addresses registry.
01:05:17.843 [DEBUG] [org.gradle.cache.internal.DefaultFileLockManager] Releasing lock on daemon addresses registry.
01:05:17.850 [LIFECYCLE] [org.gradle.launcher.daemon.server.Daemon] Daemon server started.
01:05:17.868 [DEBUG] [org.gradle.launcher.daemon.bootstrap.DaemonStartupCommunication] Completed writing the daemon greeting. Closing streams...
01:05:17.898 [DEBUG] [org.gradle.launcher.daemon.server.Daemon] stopOnExpiration() called on daemon
01:05:17.909 [DEBUG] [org.gradle.launcher.daemon.server.Daemon] awaitExpiration() called on daemon
01:05:17.932 [DEBUG] [org.gradle.launcher.daemon.server.DaemonStateCoordinator] daemon is running. Sleeping until state changes.
01:05:17.958 [DEBUG] [org.gradle.internal.remote.internal.inet.TcpIncomingConnector] Accepted connection from /127.0.0.1:37462 to /127.0.0.1:34169.
01:05:18.636 [DEBUG] [org.gradle.launcher.daemon.server.SynchronizedDispatchConnection] thread 14: received class org.gradle.launcher.daemon.protocol.Build
01:05:18.640 [DEBUG] [org.gradle.launcher.daemon.server.DefaultDaemonConnection] thread 14: Received non-IO message from client: Build{id=ede7056a-12e6-4009-aa7a-14f467c6f501.1, currentDir=/api-gateway}
01:05:18.649 [INFO] [org.gradle.launcher.daemon.server.DefaultIncomingConnectionHandler] Received command: Build{id=ede7056a-12e6-4009-aa7a-14f467c6f501.1, currentDir=/api-gateway}.
01:05:18.655 [DEBUG] [org.gradle.launcher.daemon.server.DefaultIncomingConnectionHandler] Starting executing command: Build{id=ede7056a-12e6-4009-aa7a-14f467c6f501.1, currentDir=/api-gateway} with connection: socket connection from /127.0.0.1:34169 to /127.0.0.1:37462.
01:05:18.666 [ERROR] [org.gradle.launcher.daemon.server.DaemonStateCoordinator] Command execution: started DaemonCommandExecution[command = Build{id=ede7056a-12e6-4009-aa7a-14f467c6f501.1, currentDir=/api-gateway}, connection = DefaultDaemonConnection: socket connection from /127.0.0.1:34169 to /127.0.0.1:37462] after 0.0 minutes of idle
01:05:18.671 [INFO] [org.gradle.launcher.daemon.server.DaemonRegistryUpdater] Marking the daemon as busy, address: [9570dcfc-e1ba-495e-a3e9-17c632d2b59b port:34169, addresses:[/127.0.0.1]]
01:05:18.676 [DEBUG] [org.gradle.launcher.daemon.registry.PersistentDaemonRegistry] Marking busy by address: [9570dcfc-e1ba-495e-a3e9-17c632d2b59b port:34169, addresses:[/127.0.0.1]]
01:05:18.685 [DEBUG] [org.gradle.cache.internal.DefaultFileLockManager] Waiting to acquire exclusive lock on daemon addresses registry.
01:05:18.691 [DEBUG] [org.gradle.cache.internal.DefaultFileLockManager] Lock acquired on daemon addresses registry.
01:05:18.713 [DEBUG] [org.gradle.cache.internal.DefaultFileLockManager] Releasing lock on daemon addresses registry.
01:05:18.719 [DEBUG] [org.gradle.launcher.daemon.server.DaemonStateCoordinator] resetting idle timer
01:05:18.729 [DEBUG] [org.gradle.launcher.daemon.server.DaemonStateCoordinator] daemon is running. Sleeping until state changes.
01:05:18.732 [INFO] [org.gradle.launcher.daemon.server.exec.StartBuildOrRespondWithBusy] Daemon is about to start building Build{id=ede7056a-12e6-4009-aa7a-14f467c6f501.1, currentDir=/api-gateway}. Dispatching build started information...
01:05:18.744 [DEBUG] [org.gradle.launcher.daemon.server.SynchronizedDispatchConnection] thread 16: dispatching class org.gradle.launcher.daemon.protocol.BuildStarted
01:05:18.787 [DEBUG] [org.gradle.launcher.daemon.server.exec.EstablishBuildEnvironment] Configuring env variables: {PATH=/usr/local/sbin:/usr/local/bin:/usr/sbin:/usr/bin:/sbin:/bin:/opt/jdk/bin, JAVA_JCE=unlimited, SPRING_PROFILES_ACTIVE=dev, JAVA_HOME=/opt/jdk, OLDPWD=/api-gateway, GLIBC_VERSION=2.27-r0, LANG=C.UTF-8, JAVA_VERSION_MAJOR=8, GRADLE_USER_HOME=cache, HOSTNAME=b4fbf76311a0, GLIBC_REPO=https://github.com/sgerrand/alpine-pkg-glibc, JAVA_VERSION_MINOR=162, PWD=/api-gateway, JAVA_PACKAGE=jdk, JAVA_VERSION_BUILD=12, HOME=/root, SHLVL=1}
01:05:18.825 [DEBUG] [org.gradle.launcher.daemon.server.exec.LogToClient] About to start relaying all logs to the client via the connection.
01:05:18.829 [INFO] [org.gradle.launcher.daemon.server.exec.LogToClient] The client will now receive all logging from the daemon (pid: 27). The daemon log file: /api-gateway/cache/daemon/4.5.1/daemon-27.out.log
01:05:18.845 [INFO] [org.gradle.launcher.daemon.server.exec.LogAndCheckHealth] Starting build in new daemon [memory: 954.7 MB]
01:05:18.876 [DEBUG] [org.gradle.launcher.daemon.server.exec.ExecuteBuild] The daemon has started executing the build.
01:05:18.881 [DEBUG] [org.gradle.launcher.daemon.server.exec.ExecuteBuild] Executing build with daemon context: DefaultDaemonContext[uid=ec2761cc-ca82-4814-a483-e8033dc9b376,javaHome=/opt/jdk1.8.0_162,daemonRegistryDir=/api-gateway/cache/daemon,pid=27,idleTimeout=10800000,daemonOpts=-XX:+HeapDumpOnOutOfMemoryError,-Xmx1024m,-Dfile.encoding=UTF-8,-Duser.country,-Duser.language=en,-Duser.variant]
:compileJava
:processResources UP-TO-DATE
:classes
:bootRun
2018-04-01 01:06:35.937  INFO 65 --- [           main] s.c.a.AnnotationConfigApplicationContext : Refreshing org.springframework.context.annotation.AnnotationConfigApplicationContext@21de60b4: startup date [Sun Apr 01 01:06:35 GMT 2018]; root of context hierarchy
2018-04-01 01:06:40.735  INFO 65 --- [           main] f.a.AutowiredAnnotationBeanPostProcessor : JSR-330 'javax.inject.Inject' annotation found and supported for autowiring
2018-04-01 01:06:41.251  INFO 65 --- [           main] trationDelegate$BeanPostProcessorChecker : Bean 'configurationPropertiesRebinderAutoConfiguration' of type [org.springframework.cloud.autoconfigure.ConfigurationPropertiesRebinderAutoConfiguration$$EnhancerBySpringCGLIB$$db6684ed] is not eligible for getting processed by all BeanPostProcessors (for example: not eligible for auto-proxying)

  .   ____          _            __ _ _
 /\\ / ___'_ __ _ _(_)_ __  __ _ \ \ \ \
( ( )\___ | '_ | '_| | '_ \/ _` | \ \ \ \
 \\/  ___)| |_)| | | | | || (_| |  ) ) ) )
  '  |____| .__|_| |_|_| |_\__, | / / / /
 =========|_|==============|___/=/_/_/_/
[32m :: Spring Boot :: [39m      [2m (v1.5.8.RELEASE)[0;39m

[2m2018-04-01 01:06:46.884[0;39m [32m INFO[0;39m [35m65[0;39m [2m---[0;39m [2m[           main][0;39m [36mc.e.apigateway.ZuulGatewayApplication   [0;39m [2m:[0;39m The following profiles are active: dev
[2m2018-04-01 01:06:47.324[0;39m [32m INFO[0;39m [35m65[0;39m [2m---[0;39m [2m[           main][0;39m [36mationConfigEmbeddedWebApplicationContext[0;39m [2m:[0;39m Refreshing org.springframework.boot.context.embedded.AnnotationConfigEmbeddedWebApplicationContext@5812f68b: startup date [Sun Apr 01 01:06:47 GMT 2018]; parent: org.springframework.context.annotation.AnnotationConfigApplicationContext@21de60b4
[2m2018-04-01 01:06:57.478[0;39m [32m INFO[0;39m [35m65[0;39m [2m---[0;39m [2m[           main][0;39m [36mo.s.b.f.s.DefaultListableBeanFactory    [0;39m [2m:[0;39m Overriding bean definition for bean 'counterFactory' with a different definition: replacing [Root bean: class [null]; scope=; abstract=false; lazyInit=false; autowireMode=3; dependencyCheck=0; autowireCandidate=true; primary=false; factoryBeanName=org.springframework.cloud.netflix.zuul.ZuulServerAutoConfiguration$ZuulMetricsConfiguration; factoryMethodName=counterFactory; initMethodName=null; destroyMethodName=(inferred); defined in class path resource [org/springframework/cloud/netflix/zuul/ZuulServerAutoConfiguration$ZuulMetricsConfiguration.class]] with [Root bean: class [null]; scope=; abstract=false; lazyInit=false; autowireMode=3; dependencyCheck=0; autowireCandidate=true; primary=false; factoryBeanName=org.springframework.cloud.netflix.zuul.ZuulServerAutoConfiguration$ZuulCounterFactoryConfiguration; factoryMethodName=counterFactory; initMethodName=null; destroyMethodName=(inferred); defined in class path resource [org/springframework/cloud/netflix/zuul/ZuulServerAutoConfiguration$ZuulCounterFactoryConfiguration.class]]
[2m2018-04-01 01:06:59.731[0;39m [32m INFO[0;39m [35m65[0;39m [2m---[0;39m [2m[           main][0;39m [36mo.s.cloud.context.scope.GenericScope    [0;39m [2m:[0;39m BeanFactory id=0b8c75a2-4170-3528-8322-bed24cdeb164
[2m2018-04-01 01:06:59.991[0;39m [32m INFO[0;39m [35m65[0;39m [2m---[0;39m [2m[           main][0;39m [36mf.a.AutowiredAnnotationBeanPostProcessor[0;39m [2m:[0;39m JSR-330 'javax.inject.Inject' annotation found and supported for autowiring
[2m2018-04-01 01:07:01.868[0;39m [32m INFO[0;39m [35m65[0;39m [2m---[0;39m [2m[           main][0;39m [36mtrationDelegate$BeanPostProcessorChecker[0;39m [2m:[0;39m Bean 'org.springframework.cloud.netflix.metrics.MetricsInterceptorConfiguration$MetricsRestTemplateConfiguration' of type [org.springframework.cloud.netflix.metrics.MetricsInterceptorConfiguration$MetricsRestTemplateConfiguration$$EnhancerBySpringCGLIB$$f1792831] is not eligible for getting processed by all BeanPostProcessors (for example: not eligible for auto-proxying)
[2m2018-04-01 01:07:03.783[0;39m [32m INFO[0;39m [35m65[0;39m [2m---[0;39m [2m[           main][0;39m [36mtrationDelegate$BeanPostProcessorChecker[0;39m [2m:[0;39m Bean 'org.springframework.cloud.autoconfigure.ConfigurationPropertiesRebinderAutoConfiguration' of type [org.springframework.cloud.autoconfigure.ConfigurationPropertiesRebinderAutoConfiguration$$EnhancerBySpringCGLIB$$db6684ed] is not eligible for getting processed by all BeanPostProcessors (for example: not eligible for auto-proxying)
[2m2018-04-01 01:07:11.618[0;39m [32m INFO[0;39m [35m65[0;39m [2m---[0;39m [2m[           main][0;39m [36ms.b.c.e.t.TomcatEmbeddedServletContainer[0;39m [2m:[0;39m Tomcat initialized with port(s): 8080 (http)
[2m2018-04-01 01:07:11.881[0;39m [32m INFO[0;39m [35m65[0;39m [2m---[0;39m [2m[           main][0;39m [36mo.apache.catalina.core.StandardService  [0;39m [2m:[0;39m Starting service [Tomcat]
[2m2018-04-01 01:07:11.891[0;39m [32m INFO[0;39m [35m65[0;39m [2m---[0;39m [2m[           main][0;39m [36morg.apache.catalina.core.StandardEngine [0;39m [2m:[0;39m Starting Servlet Engine: Apache Tomcat/8.5.23
[2m2018-04-01 01:07:14.778[0;39m [32m INFO[0;39m [35m65[0;39m [2m---[0;39m [2m[ost-startStop-1][0;39m [36mo.a.c.c.C.[Tomcat].[localhost].[/]      [0;39m [2m:[0;39m Initializing Spring embedded WebApplicationContext
[2m2018-04-01 01:07:14.783[0;39m [32m INFO[0;39m [35m65[0;39m [2m---[0;39m [2m[ost-startStop-1][0;39m [36mo.s.web.context.ContextLoader           [0;39m [2m:[0;39m Root WebApplicationContext: initialization completed in 27459 ms
[2m2018-04-01 01:07:24.556[0;39m [32m INFO[0;39m [35m65[0;39m [2m---[0;39m [2m[ost-startStop-1][0;39m [36mo.s.b.w.servlet.ServletRegistrationBean [0;39m [2m:[0;39m Mapping servlet: 'dispatcherServlet' to [/]
[2m2018-04-01 01:07:24.577[0;39m [32m INFO[0;39m [35m65[0;39m [2m---[0;39m [2m[ost-startStop-1][0;39m [36mo.s.b.w.servlet.ServletRegistrationBean [0;39m [2m:[0;39m Mapping servlet: 'zuulServlet' to [/zuul/*]
[2m2018-04-01 01:07:24.665[0;39m [32m INFO[0;39m [35m65[0;39m [2m---[0;39m [2m[ost-startStop-1][0;39m [36mo.s.b.w.servlet.FilterRegistrationBean  [0;39m [2m:[0;39m Mapping filter: 'metricsFilter' to: [/*]
[2m2018-04-01 01:07:24.666[0;39m [32m INFO[0;39m [35m65[0;39m [2m---[0;39m [2m[ost-startStop-1][0;39m [36mo.s.b.w.servlet.FilterRegistrationBean  [0;39m [2m:[0;39m Mapping filter: 'characterEncodingFilter' to: [/*]
[2m2018-04-01 01:07:24.667[0;39m [32m INFO[0;39m [35m65[0;39m [2m---[0;39m [2m[ost-startStop-1][0;39m [36mo.s.b.w.servlet.FilterRegistrationBean  [0;39m [2m:[0;39m Mapping filter: 'hiddenHttpMethodFilter' to: [/*]
[2m2018-04-01 01:07:24.667[0;39m [32m INFO[0;39m [35m65[0;39m [2m---[0;39m [2m[ost-startStop-1][0;39m [36mo.s.b.w.servlet.FilterRegistrationBean  [0;39m [2m:[0;39m Mapping filter: 'httpPutFormContentFilter' to: [/*]
[2m2018-04-01 01:07:24.667[0;39m [32m INFO[0;39m [35m65[0;39m [2m---[0;39m [2m[ost-startStop-1][0;39m [36mo.s.b.w.servlet.FilterRegistrationBean  [0;39m [2m:[0;39m Mapping filter: 'requestContextFilter' to: [/*]
[2m2018-04-01 01:07:24.672[0;39m [32m INFO[0;39m [35m65[0;39m [2m---[0;39m [2m[ost-startStop-1][0;39m [36mo.s.b.w.servlet.FilterRegistrationBean  [0;39m [2m:[0;39m Mapping filter: 'webRequestLoggingFilter' to: [/*]
[2m2018-04-01 01:07:24.672[0;39m [32m INFO[0;39m [35m65[0;39m [2m---[0;39m [2m[ost-startStop-1][0;39m [36mo.s.b.w.servlet.FilterRegistrationBean  [0;39m [2m:[0;39m Mapping filter: 'applicationContextIdFilter' to: [/*]
[2m2018-04-01 01:07:26.034[0;39m [33m WARN[0;39m [35m65[0;39m [2m---[0;39m [2m[           main][0;39m [36mc.n.c.sources.URLConfigurationSource    [0;39m [2m:[0;39m No URLs will be polled as dynamic configuration sources.
[2m2018-04-01 01:07:26.035[0;39m [32m INFO[0;39m [35m65[0;39m [2m---[0;39m [2m[           main][0;39m [36mc.n.c.sources.URLConfigurationSource    [0;39m [2m:[0;39m To enable URLs as dynamic configuration sources, define System property archaius.configurationSource.additionalUrls or make config.properties available on classpath.
[2m2018-04-01 01:07:26.315[0;39m [32m INFO[0;39m [35m65[0;39m [2m---[0;39m [2m[           main][0;39m [36mc.netflix.config.DynamicPropertyFactory [0;39m [2m:[0;39m DynamicPropertyFactory is initialized with configuration sources: com.netflix.config.ConcurrentCompositeConfiguration@6cc86152
[2m2018-04-01 01:07:29.954[0;39m [33m WARN[0;39m [35m65[0;39m [2m---[0;39m [2m[           main][0;39m [36mc.n.c.sources.URLConfigurationSource    [0;39m [2m:[0;39m No URLs will be polled as dynamic configuration sources.
[2m2018-04-01 01:07:29.956[0;39m [32m INFO[0;39m [35m65[0;39m [2m---[0;39m [2m[           main][0;39m [36mc.n.c.sources.URLConfigurationSource    [0;39m [2m:[0;39m To enable URLs as dynamic configuration sources, define System property archaius.configurationSource.additionalUrls or make config.properties available on classpath.
[2m2018-04-01 01:07:33.790[0;39m [32m INFO[0;39m [35m65[0;39m [2m---[0;39m [2m[           main][0;39m [36ms.w.s.m.m.a.RequestMappingHandlerAdapter[0;39m [2m:[0;39m Looking for @ControllerAdvice: org.springframework.boot.context.embedded.AnnotationConfigEmbeddedWebApplicationContext@5812f68b: startup date [Sun Apr 01 01:06:47 GMT 2018]; parent: org.springframework.context.annotation.AnnotationConfigApplicationContext@21de60b4
[2m2018-04-01 01:07:35.450[0;39m [32m INFO[0;39m [35m65[0;39m [2m---[0;39m [2m[           main][0;39m [36ms.w.s.m.m.a.RequestMappingHandlerMapping[0;39m [2m:[0;39m Mapped "{[/error],produces=[text/html]}" onto public org.springframework.web.servlet.ModelAndView org.springframework.boot.autoconfigure.web.BasicErrorController.errorHtml(javax.servlet.http.HttpServletRequest,javax.servlet.http.HttpServletResponse)
[2m2018-04-01 01:07:35.489[0;39m [32m INFO[0;39m [35m65[0;39m [2m---[0;39m [2m[           main][0;39m [36ms.w.s.m.m.a.RequestMappingHandlerMapping[0;39m [2m:[0;39m Mapped "{[/error]}" onto public org.springframework.http.ResponseEntity<java.util.Map<java.lang.String, java.lang.Object>> org.springframework.boot.autoconfigure.web.BasicErrorController.error(javax.servlet.http.HttpServletRequest)
[2m2018-04-01 01:07:36.186[0;39m [32m INFO[0;39m [35m65[0;39m [2m---[0;39m [2m[           main][0;39m [36mo.s.w.s.handler.SimpleUrlHandlerMapping [0;39m [2m:[0;39m Mapped URL path [/webjars/**] onto handler of type [class org.springframework.web.servlet.resource.ResourceHttpRequestHandler]
[2m2018-04-01 01:07:36.186[0;39m [32m INFO[0;39m [35m65[0;39m [2m---[0;39m [2m[           main][0;39m [36mo.s.w.s.handler.SimpleUrlHandlerMapping [0;39m [2m:[0;39m Mapped URL path [/**] onto handler of type [class org.springframework.web.servlet.resource.ResourceHttpRequestHandler]
[2m2018-04-01 01:07:36.568[0;39m [32m INFO[0;39m [35m65[0;39m [2m---[0;39m [2m[           main][0;39m [36mo.s.w.s.handler.SimpleUrlHandlerMapping [0;39m [2m:[0;39m Mapped URL path [/**/favicon.ico] onto handler of type [class org.springframework.web.servlet.resource.ResourceHttpRequestHandler]
[2m2018-04-01 01:07:45.398[0;39m [32m INFO[0;39m [35m65[0;39m [2m---[0;39m [2m[           main][0;39m [36mo.s.b.a.e.mvc.EndpointHandlerMapping    [0;39m [2m:[0;39m Mapped "{[/hystrix.stream/**]}" onto public org.springframework.web.servlet.ModelAndView org.springframework.cloud.netflix.endpoint.ServletWrappingEndpoint.handle(javax.servlet.http.HttpServletRequest,javax.servlet.http.HttpServletResponse) throws java.lang.Exception
[2m2018-04-01 01:07:45.399[0;39m [32m INFO[0;39m [35m65[0;39m [2m---[0;39m [2m[           main][0;39m [36mo.s.b.a.e.mvc.EndpointHandlerMapping    [0;39m [2m:[0;39m Mapped "{[/dump || /dump.json],methods=[GET],produces=[application/vnd.spring-boot.actuator.v1+json || application/json]}" onto public java.lang.Object org.springframework.boot.actuate.endpoint.mvc.EndpointMvcAdapter.invoke()
[2m2018-04-01 01:07:45.407[0;39m [32m INFO[0;39m [35m65[0;39m [2m---[0;39m [2m[           main][0;39m [36mo.s.b.a.e.mvc.EndpointHandlerMapping    [0;39m [2m:[0;39m Mapped "{[/filters || /filters.json],methods=[GET],produces=[application/vnd.spring-boot.actuator.v1+json || application/json]}" onto public java.lang.Object org.springframework.boot.actuate.endpoint.mvc.EndpointMvcAdapter.invoke()
[2m2018-04-01 01:07:45.408[0;39m [32m INFO[0;39m [35m65[0;39m [2m---[0;39m [2m[           main][0;39m [36mo.s.b.a.e.mvc.EndpointHandlerMapping    [0;39m [2m:[0;39m Mapped "{[/info || /info.json],methods=[GET],produces=[application/vnd.spring-boot.actuator.v1+json || application/json]}" onto public java.lang.Object org.springframework.boot.actuate.endpoint.mvc.EndpointMvcAdapter.invoke()
[2m2018-04-01 01:07:45.409[0;39m [32m INFO[0;39m [35m65[0;39m [2m---[0;39m [2m[           main][0;39m [36mo.s.b.a.e.mvc.EndpointHandlerMapping    [0;39m [2m:[0;39m Mapped "{[/env],methods=[POST]}" onto public java.lang.Object org.springframework.cloud.context.environment.EnvironmentManagerMvcEndpoint.value(java.util.Map<java.lang.String, java.lang.String>)
[2m2018-04-01 01:07:45.409[0;39m [32m INFO[0;39m [35m65[0;39m [2m---[0;39m [2m[           main][0;39m [36mo.s.b.a.e.mvc.EndpointHandlerMapping    [0;39m [2m:[0;39m Mapped "{[/env/reset],methods=[POST]}" onto public java.util.Map<java.lang.String, java.lang.Object> org.springframework.cloud.context.environment.EnvironmentManagerMvcEndpoint.reset()
[2m2018-04-01 01:07:45.410[0;39m [32m INFO[0;39m [35m65[0;39m [2m---[0;39m [2m[           main][0;39m [36mo.s.b.a.e.mvc.EndpointHandlerMapping    [0;39m [2m:[0;39m Mapped "{[/service-registry/instance-status],methods=[GET]}" onto public org.springframework.http.ResponseEntity org.springframework.cloud.client.serviceregistry.endpoint.ServiceRegistryEndpoint.getStatus()
[2m2018-04-01 01:07:45.410[0;39m [32m INFO[0;39m [35m65[0;39m [2m---[0;39m [2m[           main][0;39m [36mo.s.b.a.e.mvc.EndpointHandlerMapping    [0;39m [2m:[0;39m Mapped "{[/service-registry/instance-status],methods=[POST]}" onto public org.springframework.http.ResponseEntity<?> org.springframework.cloud.client.serviceregistry.endpoint.ServiceRegistryEndpoint.setStatus(java.lang.String)
[2m2018-04-01 01:07:45.412[0;39m [32m INFO[0;39m [35m65[0;39m [2m---[0;39m [2m[           main][0;39m [36mo.s.b.a.e.mvc.EndpointHandlerMapping    [0;39m [2m:[0;39m Mapped "{[/beans || /beans.json],methods=[GET],produces=[application/vnd.spring-boot.actuator.v1+json || application/json]}" onto public java.lang.Object org.springframework.boot.actuate.endpoint.mvc.EndpointMvcAdapter.invoke()
[2m2018-04-01 01:07:45.595[0;39m [32m INFO[0;39m [35m65[0;39m [2m---[0;39m [2m[           main][0;39m [36mo.s.b.a.e.mvc.EndpointHandlerMapping    [0;39m [2m:[0;39m Mapped "{[/routes || /routes.json],methods=[GET],params=[format],produces=[application/vnd.spring-boot.actuator.v1+json || application/json]}" onto public java.lang.Object org.springframework.cloud.netflix.zuul.RoutesMvcEndpoint.invokeRouteDetails(java.lang.String)
[2m2018-04-01 01:07:45.607[0;39m [32m INFO[0;39m [35m65[0;39m [2m---[0;39m [2m[           main][0;39m [36mo.s.b.a.e.mvc.EndpointHandlerMapping    [0;39m [2m:[0;39m Mapped "{[/routes || /routes.json],methods=[POST]}" onto public java.lang.Object org.springframework.cloud.netflix.zuul.RoutesMvcEndpoint.reset()
[2m2018-04-01 01:07:45.608[0;39m [32m INFO[0;39m [35m65[0;39m [2m---[0;39m [2m[           main][0;39m [36mo.s.b.a.e.mvc.EndpointHandlerMapping    [0;39m [2m:[0;39m Mapped "{[/routes || /routes.json],methods=[GET],produces=[application/vnd.spring-boot.actuator.v1+json || application/json]}" onto public java.lang.Object org.springframework.boot.actuate.endpoint.mvc.EndpointMvcAdapter.invoke()
[2m2018-04-01 01:07:45.609[0;39m [32m INFO[0;39m [35m65[0;39m [2m---[0;39m [2m[           main][0;39m [36mo.s.b.a.e.mvc.EndpointHandlerMapping    [0;39m [2m:[0;39m Mapped "{[/mappings || /mappings.json],methods=[GET],produces=[application/vnd.spring-boot.actuator.v1+json || application/json]}" onto public java.lang.Object org.springframework.boot.actuate.endpoint.mvc.EndpointMvcAdapter.invoke()
[2m2018-04-01 01:07:45.661[0;39m [32m INFO[0;39m [35m65[0;39m [2m---[0;39m [2m[           main][0;39m [36mo.s.b.a.e.mvc.EndpointHandlerMapping    [0;39m [2m:[0;39m Mapped "{[/refresh || /refresh.json],methods=[POST]}" onto public java.lang.Object org.springframework.cloud.endpoint.GenericPostableMvcEndpoint.invoke()
[2m2018-04-01 01:07:45.672[0;39m [32m INFO[0;39m [35m65[0;39m [2m---[0;39m [2m[           main][0;39m [36mo.s.b.a.e.mvc.EndpointHandlerMapping    [0;39m [2m:[0;39m Mapped "{[/auditevents || /auditevents.json],methods=[GET],produces=[application/vnd.spring-boot.actuator.v1+json || application/json]}" onto public org.springframework.http.ResponseEntity<?> org.springframework.boot.actuate.endpoint.mvc.AuditEventsMvcEndpoint.findByPrincipalAndAfterAndType(java.lang.String,java.util.Date,java.lang.String)
[2m2018-04-01 01:07:45.674[0;39m [32m INFO[0;39m [35m65[0;39m [2m---[0;39m [2m[           main][0;39m [36mo.s.b.a.e.mvc.EndpointHandlerMapping    [0;39m [2m:[0;39m Mapped "{[/health || /health.json],methods=[GET],produces=[application/vnd.spring-boot.actuator.v1+json || application/json]}" onto public java.lang.Object org.springframework.boot.actuate.endpoint.mvc.HealthMvcEndpoint.invoke(javax.servlet.http.HttpServletRequest,java.security.Principal)
[2m2018-04-01 01:07:45.719[0;39m [32m INFO[0;39m [35m65[0;39m [2m---[0;39m [2m[           main][0;39m [36mo.s.b.a.e.mvc.EndpointHandlerMapping    [0;39m [2m:[0;39m Mapped "{[/loggers/{name:.*}],methods=[GET],produces=[application/vnd.spring-boot.actuator.v1+json || application/json]}" onto public java.lang.Object org.springframework.boot.actuate.endpoint.mvc.LoggersMvcEndpoint.get(java.lang.String)
[2m2018-04-01 01:07:45.742[0;39m [32m INFO[0;39m [35m65[0;39m [2m---[0;39m [2m[           main][0;39m [36mo.s.b.a.e.mvc.EndpointHandlerMapping    [0;39m [2m:[0;39m Mapped "{[/loggers/{name:.*}],methods=[POST],consumes=[application/vnd.spring-boot.actuator.v1+json || application/json],produces=[application/vnd.spring-boot.actuator.v1+json || application/json]}" onto public java.lang.Object org.springframework.boot.actuate.endpoint.mvc.LoggersMvcEndpoint.set(java.lang.String,java.util.Map<java.lang.String, java.lang.String>)
[2m2018-04-01 01:07:45.742[0;39m [32m INFO[0;39m [35m65[0;39m [2m---[0;39m [2m[           main][0;39m [36mo.s.b.a.e.mvc.EndpointHandlerMapping    [0;39m [2m:[0;39m Mapped "{[/loggers || /loggers.json],methods=[GET],produces=[application/vnd.spring-boot.actuator.v1+json || application/json]}" onto public java.lang.Object org.springframework.boot.actuate.endpoint.mvc.EndpointMvcAdapter.invoke()
[2m2018-04-01 01:07:45.767[0;39m [32m INFO[0;39m [35m65[0;39m [2m---[0;39m [2m[           main][0;39m [36mo.s.b.a.e.mvc.EndpointHandlerMapping    [0;39m [2m:[0;39m Mapped "{[/heapdump || /heapdump.json],methods=[GET],produces=[application/octet-stream]}" onto public void org.springframework.boot.actuate.endpoint.mvc.HeapdumpMvcEndpoint.invoke(boolean,javax.servlet.http.HttpServletRequest,javax.servlet.http.HttpServletResponse) throws java.io.IOException,javax.servlet.ServletException
[2m2018-04-01 01:07:45.768[0;39m [32m INFO[0;39m [35m65[0;39m [2m---[0;39m [2m[           main][0;39m [36mo.s.b.a.e.mvc.EndpointHandlerMapping    [0;39m [2m:[0;39m Mapped "{[/features || /features.json],methods=[GET],produces=[application/vnd.spring-boot.actuator.v1+json || application/json]}" onto public java.lang.Object org.springframework.boot.actuate.endpoint.mvc.EndpointMvcAdapter.invoke()
[2m2018-04-01 01:07:45.769[0;39m [32m INFO[0;39m [35m65[0;39m [2m---[0;39m [2m[           main][0;39m [36mo.s.b.a.e.mvc.EndpointHandlerMapping    [0;39m [2m:[0;39m Mapped "{[/trace || /trace.json],methods=[GET],produces=[application/vnd.spring-boot.actuator.v1+json || application/json]}" onto public java.lang.Object org.springframework.boot.actuate.endpoint.mvc.EndpointMvcAdapter.invoke()
[2m2018-04-01 01:07:45.770[0;39m [32m INFO[0;39m [35m65[0;39m [2m---[0;39m [2m[           main][0;39m [36mo.s.b.a.e.mvc.EndpointHandlerMapping    [0;39m [2m:[0;39m Mapped "{[/metrics/{name:.*}],methods=[GET],produces=[application/vnd.spring-boot.actuator.v1+json || application/json]}" onto public java.lang.Object org.springframework.boot.actuate.endpoint.mvc.MetricsMvcEndpoint.value(java.lang.String)
[2m2018-04-01 01:07:45.770[0;39m [32m INFO[0;39m [35m65[0;39m [2m---[0;39m [2m[           main][0;39m [36mo.s.b.a.e.mvc.EndpointHandlerMapping    [0;39m [2m:[0;39m Mapped "{[/metrics || /metrics.json],methods=[GET],produces=[application/vnd.spring-boot.actuator.v1+json || application/json]}" onto public java.lang.Object org.springframework.boot.actuate.endpoint.mvc.EndpointMvcAdapter.invoke()
[2m2018-04-01 01:07:45.771[0;39m [32m INFO[0;39m [35m65[0;39m [2m---[0;39m [2m[           main][0;39m [36mo.s.b.a.e.mvc.EndpointHandlerMapping    [0;39m [2m:[0;39m Mapped "{[/autoconfig || /autoconfig.json],methods=[GET],produces=[application/vnd.spring-boot.actuator.v1+json || application/json]}" onto public java.lang.Object org.springframework.boot.actuate.endpoint.mvc.EndpointMvcAdapter.invoke()
[2m2018-04-01 01:07:45.772[0;39m [32m INFO[0;39m [35m65[0;39m [2m---[0;39m [2m[           main][0;39m [36mo.s.b.a.e.mvc.EndpointHandlerMapping    [0;39m [2m:[0;39m Mapped "{[/configprops || /configprops.json],methods=[GET],produces=[application/vnd.spring-boot.actuator.v1+json || application/json]}" onto public java.lang.Object org.springframework.boot.actuate.endpoint.mvc.EndpointMvcAdapter.invoke()
[2m2018-04-01 01:07:45.773[0;39m [32m INFO[0;39m [35m65[0;39m [2m---[0;39m [2m[           main][0;39m [36mo.s.b.a.e.mvc.EndpointHandlerMapping    [0;39m [2m:[0;39m Mapped "{[/env/{name:.*}],methods=[GET],produces=[application/vnd.spring-boot.actuator.v1+json || application/json]}" onto public java.lang.Object org.springframework.boot.actuate.endpoint.mvc.EnvironmentMvcEndpoint.value(java.lang.String)
[2m2018-04-01 01:07:45.773[0;39m [32m INFO[0;39m [35m65[0;39m [2m---[0;39m [2m[           main][0;39m [36mo.s.b.a.e.mvc.EndpointHandlerMapping    [0;39m [2m:[0;39m Mapped "{[/env || /env.json],methods=[GET],produces=[application/vnd.spring-boot.actuator.v1+json || application/json]}" onto public java.lang.Object org.springframework.boot.actuate.endpoint.mvc.EndpointMvcAdapter.invoke()
[2m2018-04-01 01:07:45.824[0;39m [32m INFO[0;39m [35m65[0;39m [2m---[0;39m [2m[           main][0;39m [36mo.s.b.a.e.mvc.EndpointHandlerMapping    [0;39m [2m:[0;39m Mapped "{[/archaius || /archaius.json],methods=[GET],produces=[application/vnd.spring-boot.actuator.v1+json || application/json]}" onto public java.lang.Object org.springframework.boot.actuate.endpoint.mvc.EndpointMvcAdapter.invoke()
[2m2018-04-01 01:07:51.773[0;39m [32m INFO[0;39m [35m65[0;39m [2m---[0;39m [2m[           main][0;39m [36mo.s.c.n.zuul.ZuulFilterInitializer      [0;39m [2m:[0;39m Starting filter initializer
[2m2018-04-01 01:07:52.187[0;39m [33m WARN[0;39m [35m65[0;39m [2m---[0;39m [2m[           main][0;39m [36marterDeprecationWarningAutoConfiguration[0;39m [2m:[0;39m spring-cloud-starter-eureka is deprecated as of Spring Cloud Netflix 1.4.0, please migrate to spring-cloud-starter-netflix-eureka
[2m2018-04-01 01:07:52.685[0;39m [32m INFO[0;39m [35m65[0;39m [2m---[0;39m [2m[           main][0;39m [36mo.s.j.e.a.AnnotationMBeanExporter       [0;39m [2m:[0;39m Registering beans for JMX exposure on startup
[2m2018-04-01 01:07:52.855[0;39m [32m INFO[0;39m [35m65[0;39m [2m---[0;39m [2m[           main][0;39m [36mo.s.j.e.a.AnnotationMBeanExporter       [0;39m [2m:[0;39m Bean with name 'environmentManager' has been autodetected for JMX exposure
[2m2018-04-01 01:07:52.872[0;39m [32m INFO[0;39m [35m65[0;39m [2m---[0;39m [2m[           main][0;39m [36mo.s.j.e.a.AnnotationMBeanExporter       [0;39m [2m:[0;39m Bean with name 'configurationPropertiesRebinder' has been autodetected for JMX exposure
[2m2018-04-01 01:07:52.882[0;39m [32m INFO[0;39m [35m65[0;39m [2m---[0;39m [2m[           main][0;39m [36mo.s.j.e.a.AnnotationMBeanExporter       [0;39m [2m:[0;39m Bean with name 'refreshEndpoint' has been autodetected for JMX exposure
[2m2018-04-01 01:07:52.888[0;39m [32m INFO[0;39m [35m65[0;39m [2m---[0;39m [2m[           main][0;39m [36mo.s.j.e.a.AnnotationMBeanExporter       [0;39m [2m:[0;39m Bean with name 'serviceRegistryEndpoint' has been autodetected for JMX exposure
[2m2018-04-01 01:07:52.906[0;39m [32m INFO[0;39m [35m65[0;39m [2m---[0;39m [2m[           main][0;39m [36mo.s.j.e.a.AnnotationMBeanExporter       [0;39m [2m:[0;39m Bean with name 'routesEndpoint' has been autodetected for JMX exposure
[2m2018-04-01 01:07:52.914[0;39m [32m INFO[0;39m [35m65[0;39m [2m---[0;39m [2m[           main][0;39m [36mo.s.j.e.a.AnnotationMBeanExporter       [0;39m [2m:[0;39m Bean with name 'routesMvcEndpoint' has been autodetected for JMX exposure
[2m2018-04-01 01:07:52.920[0;39m [32m INFO[0;39m [35m65[0;39m [2m---[0;39m [2m[           main][0;39m [36mo.s.j.e.a.AnnotationMBeanExporter       [0;39m [2m:[0;39m Bean with name 'filtersEndpoint' has been autodetected for JMX exposure
[2m2018-04-01 01:07:52.935[0;39m [32m INFO[0;39m [35m65[0;39m [2m---[0;39m [2m[           main][0;39m [36mo.s.j.e.a.AnnotationMBeanExporter       [0;39m [2m:[0;39m Bean with name 'refreshScope' has been autodetected for JMX exposure
[2m2018-04-01 01:07:52.971[0;39m [32m INFO[0;39m [35m65[0;39m [2m---[0;39m [2m[           main][0;39m [36mo.s.j.e.a.AnnotationMBeanExporter       [0;39m [2m:[0;39m Located managed bean 'environmentManager': registering with JMX server as MBean [org.springframework.cloud.context.environment:name=environmentManager,type=EnvironmentManager]
[2m2018-04-01 01:07:53.125[0;39m [32m INFO[0;39m [35m65[0;39m [2m---[0;39m [2m[           main][0;39m [36mo.s.j.e.a.AnnotationMBeanExporter       [0;39m [2m:[0;39m Located managed bean 'routesEndpoint': registering with JMX server as MBean [org.springframework.cloud.netflix.zuul:name=routesEndpoint,type=RoutesEndpoint]
[2m2018-04-01 01:07:53.150[0;39m [33m WARN[0;39m [35m65[0;39m [2m---[0;39m [2m[           main][0;39m [36mo.s.j.e.a.AnnotationMBeanExporter       [0;39m [2m:[0;39m Bean with key 'routesEndpoint' has been registered as an MBean but has no exposed attributes or operations
[2m2018-04-01 01:07:53.185[0;39m [32m INFO[0;39m [35m65[0;39m [2m---[0;39m [2m[           main][0;39m [36mo.s.j.e.a.AnnotationMBeanExporter       [0;39m [2m:[0;39m Located managed bean 'routesMvcEndpoint': registering with JMX server as MBean [org.springframework.cloud.netflix.zuul:name=routesMvcEndpoint,type=RoutesMvcEndpoint]
[2m2018-04-01 01:07:53.290[0;39m [32m INFO[0;39m [35m65[0;39m [2m---[0;39m [2m[           main][0;39m [36mo.s.j.e.a.AnnotationMBeanExporter       [0;39m [2m:[0;39m Located managed bean 'serviceRegistryEndpoint': registering with JMX server as MBean [org.springframework.cloud.client.serviceregistry.endpoint:name=serviceRegistryEndpoint,type=ServiceRegistryEndpoint]
[2m2018-04-01 01:07:53.373[0;39m [32m INFO[0;39m [35m65[0;39m [2m---[0;39m [2m[           main][0;39m [36mo.s.j.e.a.AnnotationMBeanExporter       [0;39m [2m:[0;39m Located managed bean 'filtersEndpoint': registering with JMX server as MBean [org.springframework.cloud.netflix.zuul:name=filtersEndpoint,type=FiltersEndpoint]
[2m2018-04-01 01:07:53.374[0;39m [33m WARN[0;39m [35m65[0;39m [2m---[0;39m [2m[           main][0;39m [36mo.s.j.e.a.AnnotationMBeanExporter       [0;39m [2m:[0;39m Bean with key 'filtersEndpoint' has been registered as an MBean but has no exposed attributes or operations
[2m2018-04-01 01:07:53.405[0;39m [32m INFO[0;39m [35m65[0;39m [2m---[0;39m [2m[           main][0;39m [36mo.s.j.e.a.AnnotationMBeanExporter       [0;39m [2m:[0;39m Located managed bean 'refreshScope': registering with JMX server as MBean [org.springframework.cloud.context.scope.refresh:name=refreshScope,type=RefreshScope]
[2m2018-04-01 01:07:53.471[0;39m [32m INFO[0;39m [35m65[0;39m [2m---[0;39m [2m[           main][0;39m [36mo.s.j.e.a.AnnotationMBeanExporter       [0;39m [2m:[0;39m Located managed bean 'configurationPropertiesRebinder': registering with JMX server as MBean [org.springframework.cloud.context.properties:name=configurationPropertiesRebinder,context=5812f68b,type=ConfigurationPropertiesRebinder]
[2m2018-04-01 01:07:53.502[0;39m [32m INFO[0;39m [35m65[0;39m [2m---[0;39m [2m[           main][0;39m [36mo.s.j.e.a.AnnotationMBeanExporter       [0;39m [2m:[0;39m Located managed bean 'refreshEndpoint': registering with JMX server as MBean [org.springframework.cloud.endpoint:name=refreshEndpoint,type=RefreshEndpoint]
[2m2018-04-01 01:07:54.504[0;39m [32m INFO[0;39m [35m65[0;39m [2m---[0;39m [2m[           main][0;39m [36mo.s.c.support.DefaultLifecycleProcessor [0;39m [2m:[0;39m Starting beans in phase 0
[2m2018-04-01 01:07:54.613[0;39m [32m INFO[0;39m [35m65[0;39m [2m---[0;39m [2m[           main][0;39m [36mo.s.c.n.eureka.InstanceInfoFactory      [0;39m [2m:[0;39m Setting initial instance status as: STARTING
[2m2018-04-01 01:07:55.218[0;39m [32m INFO[0;39m [35m65[0;39m [2m---[0;39m [2m[           main][0;39m [36mcom.netflix.discovery.DiscoveryClient   [0;39m [2m:[0;39m Initializing Eureka in region us-east-1
[2m2018-04-01 01:07:55.655[0;39m [32m INFO[0;39m [35m65[0;39m [2m---[0;39m [2m[           main][0;39m [36mc.n.d.provider.DiscoveryJerseyProvider  [0;39m [2m:[0;39m Using JSON encoding codec LegacyJacksonJson
[2m2018-04-01 01:07:55.656[0;39m [32m INFO[0;39m [35m65[0;39m [2m---[0;39m [2m[           main][0;39m [36mc.n.d.provider.DiscoveryJerseyProvider  [0;39m [2m:[0;39m Using JSON decoding codec LegacyJacksonJson
[2m2018-04-01 01:07:56.217[0;39m [32m INFO[0;39m [35m65[0;39m [2m---[0;39m [2m[           main][0;39m [36mc.n.d.provider.DiscoveryJerseyProvider  [0;39m [2m:[0;39m Using XML encoding codec XStreamXml
[2m2018-04-01 01:07:56.225[0;39m [32m INFO[0;39m [35m65[0;39m [2m---[0;39m [2m[           main][0;39m [36mc.n.d.provider.DiscoveryJerseyProvider  [0;39m [2m:[0;39m Using XML decoding codec XStreamXml
[2m2018-04-01 01:07:57.353[0;39m [32m INFO[0;39m [35m65[0;39m [2m---[0;39m [2m[           main][0;39m [36mc.n.d.s.r.aws.ConfigClusterResolver     [0;39m [2m:[0;39m Resolving eureka endpoints via configuration
[2m2018-04-01 01:07:57.536[0;39m [32m INFO[0;39m [35m65[0;39m [2m---[0;39m [2m[           main][0;39m [36mcom.netflix.discovery.DiscoveryClient   [0;39m [2m:[0;39m Disable delta property : false
[2m2018-04-01 01:07:57.536[0;39m [32m INFO[0;39m [35m65[0;39m [2m---[0;39m [2m[           main][0;39m [36mcom.netflix.discovery.DiscoveryClient   [0;39m [2m:[0;39m Single vip registry refresh property : null
[2m2018-04-01 01:07:57.536[0;39m [32m INFO[0;39m [35m65[0;39m [2m---[0;39m [2m[           main][0;39m [36mcom.netflix.discovery.DiscoveryClient   [0;39m [2m:[0;39m Force full registry fetch : false
[2m2018-04-01 01:07:57.536[0;39m [32m INFO[0;39m [35m65[0;39m [2m---[0;39m [2m[           main][0;39m [36mcom.netflix.discovery.DiscoveryClient   [0;39m [2m:[0;39m Application is null : false
[2m2018-04-01 01:07:57.536[0;39m [32m INFO[0;39m [35m65[0;39m [2m---[0;39m [2m[           main][0;39m [36mcom.netflix.discovery.DiscoveryClient   [0;39m [2m:[0;39m Registered Applications size is zero : true
[2m2018-04-01 01:07:57.536[0;39m [32m INFO[0;39m [35m65[0;39m [2m---[0;39m [2m[           main][0;39m [36mcom.netflix.discovery.DiscoveryClient   [0;39m [2m:[0;39m Application version is -1: true
[2m2018-04-01 01:07:57.536[0;39m [32m INFO[0;39m [35m65[0;39m [2m---[0;39m [2m[           main][0;39m [36mcom.netflix.discovery.DiscoveryClient   [0;39m [2m:[0;39m Getting all instance registry info from the eureka server
[2m2018-04-01 01:08:00.141[0;39m [32m INFO[0;39m [35m65[0;39m [2m---[0;39m [2m[           main][0;39m [36mcom.netflix.discovery.DiscoveryClient   [0;39m [2m:[0;39m The response status is 200
[2m2018-04-01 01:08:00.150[0;39m [32m INFO[0;39m [35m65[0;39m [2m---[0;39m [2m[           main][0;39m [36mcom.netflix.discovery.DiscoveryClient   [0;39m [2m:[0;39m Starting heartbeat executor: renew interval is: 30
[2m2018-04-01 01:08:00.207[0;39m [32m INFO[0;39m [35m65[0;39m [2m---[0;39m [2m[           main][0;39m [36mc.n.discovery.InstanceInfoReplicator    [0;39m [2m:[0;39m InstanceInfoReplicator onDemand update allowed rate per min is 4
[2m2018-04-01 01:08:00.294[0;39m [32m INFO[0;39m [35m65[0;39m [2m---[0;39m [2m[           main][0;39m [36mcom.netflix.discovery.DiscoveryClient   [0;39m [2m:[0;39m Discovery Client initialized at timestamp 1522544880266 with initial instances count: 0
[2m2018-04-01 01:08:00.924[0;39m [32m INFO[0;39m [35m65[0;39m [2m---[0;39m [2m[           main][0;39m [36mo.s.c.n.e.s.EurekaServiceRegistry       [0;39m [2m:[0;39m Registering application api-gateway with eureka with status UP
[2m2018-04-01 01:08:00.930[0;39m [32m INFO[0;39m [35m65[0;39m [2m---[0;39m [2m[           main][0;39m [36mcom.netflix.discovery.DiscoveryClient   [0;39m [2m:[0;39m Saw local status change event StatusChangeEvent [timestamp=1522544880930, current=UP, previous=STARTING]
[2m2018-04-01 01:08:00.953[0;39m [32m INFO[0;39m [35m65[0;39m [2m---[0;39m [2m[nfoReplicator-0][0;39m [36mcom.netflix.discovery.DiscoveryClient   [0;39m [2m:[0;39m DiscoveryClient_API-GATEWAY/b4fbf76311a0:api-gateway: registering service...
[2m2018-04-01 01:08:02.103[0;39m [32m INFO[0;39m [35m65[0;39m [2m---[0;39m [2m[           main][0;39m [36mo.s.c.support.DefaultLifecycleProcessor [0;39m [2m:[0;39m Starting beans in phase 2147483647
[2m2018-04-01 01:08:02.207[0;39m [32m INFO[0;39m [35m65[0;39m [2m---[0;39m [2m[           main][0;39m [36mration$HystrixMetricsPollerConfiguration[0;39m [2m:[0;39m Starting poller
[2m2018-04-01 01:08:02.452[0;39m [32m INFO[0;39m [35m65[0;39m [2m---[0;39m [2m[nfoReplicator-0][0;39m [36mcom.netflix.discovery.DiscoveryClient   [0;39m [2m:[0;39m DiscoveryClient_API-GATEWAY/b4fbf76311a0:api-gateway - registration status: 204
[2m2018-04-01 01:08:02.809[0;39m [32m INFO[0;39m [35m65[0;39m [2m---[0;39m [2m[           main][0;39m [36ms.b.c.e.t.TomcatEmbeddedServletContainer[0;39m [2m:[0;39m Tomcat started on port(s): 8080 (http)
[2m2018-04-01 01:08:02.825[0;39m [32m INFO[0;39m [35m65[0;39m [2m---[0;39m [2m[           main][0;39m [36m.s.c.n.e.s.EurekaAutoServiceRegistration[0;39m [2m:[0;39m Updating port to 8080
[2m2018-04-01 01:08:02.859[0;39m [32m INFO[0;39m [35m65[0;39m [2m---[0;39m [2m[           main][0;39m [36mc.e.apigateway.ZuulGatewayApplication   [0;39m [2m:[0;39m Started ZuulGatewayApplication in 90.772 seconds (JVM running for 94.036)
[2m2018-04-01 01:08:30.161[0;39m [32m INFO[0;39m [35m65[0;39m [2m---[0;39m [2m[freshExecutor-0][0;39m [36mcom.netflix.discovery.DiscoveryClient   [0;39m [2m:[0;39m Disable delta property : false
[2m2018-04-01 01:08:30.169[0;39m [32m INFO[0;39m [35m65[0;39m [2m---[0;39m [2m[freshExecutor-0][0;39m [36mcom.netflix.discovery.DiscoveryClient   [0;39m [2m:[0;39m Single vip registry refresh property : null
[2m2018-04-01 01:08:30.169[0;39m [32m INFO[0;39m [35m65[0;39m [2m---[0;39m [2m[freshExecutor-0][0;39m [36mcom.netflix.discovery.DiscoveryClient   [0;39m [2m:[0;39m Force full registry fetch : false
[2m2018-04-01 01:08:30.170[0;39m [32m INFO[0;39m [35m65[0;39m [2m---[0;39m [2m[freshExecutor-0][0;39m [36mcom.netflix.discovery.DiscoveryClient   [0;39m [2m:[0;39m Application is null : false
[2m2018-04-01 01:08:30.171[0;39m [32m INFO[0;39m [35m65[0;39m [2m---[0;39m [2m[freshExecutor-0][0;39m [36mcom.netflix.discovery.DiscoveryClient   [0;39m [2m:[0;39m Registered Applications size is zero : true
[2m2018-04-01 01:08:30.171[0;39m [32m INFO[0;39m [35m65[0;39m [2m---[0;39m [2m[freshExecutor-0][0;39m [36mcom.netflix.discovery.DiscoveryClient   [0;39m [2m:[0;39m Application version is -1: false
[2m2018-04-01 01:08:30.171[0;39m [32m INFO[0;39m [35m65[0;39m [2m---[0;39m [2m[freshExecutor-0][0;39m [36mcom.netflix.discovery.DiscoveryClient   [0;39m [2m:[0;39m Getting all instance registry info from the eureka server
[2m2018-04-01 01:08:30.630[0;39m [32m INFO[0;39m [35m65[0;39m [2m---[0;39m [2m[freshExecutor-0][0;39m [36mcom.netflix.discovery.DiscoveryClient   [0;39m [2m:[0;39m The response status is 200
[2m2018-04-01 01:08:52.872[0;39m [32m INFO[0;39m [35m65[0;39m [2m---[0;39m [2m[nio-8080-exec-2][0;39m [36mo.a.c.c.C.[Tomcat].[localhost].[/]      [0;39m [2m:[0;39m Initializing Spring FrameworkServlet 'dispatcherServlet'
[2m2018-04-01 01:08:52.873[0;39m [32m INFO[0;39m [35m65[0;39m [2m---[0;39m [2m[nio-8080-exec-2][0;39m [36mo.s.web.servlet.DispatcherServlet       [0;39m [2m:[0;39m FrameworkServlet 'dispatcherServlet': initialization started
[2m2018-04-01 01:08:53.067[0;39m [32m INFO[0;39m [35m65[0;39m [2m---[0;39m [2m[nio-8080-exec-2][0;39m [36mo.s.web.servlet.DispatcherServlet       [0;39m [2m:[0;39m FrameworkServlet 'dispatcherServlet': initialization completed in 194 ms
[2m2018-04-01 01:08:53.140[0;39m [32m INFO[0;39m [35m65[0;39m [2m---[0;39m [2m[nio-8080-exec-2][0;39m [36mo.s.c.n.zuul.web.ZuulHandlerMapping     [0;39m [2m:[0;39m Mapped URL path [/users/**] onto handler of type [class org.springframework.cloud.netflix.zuul.web.ZuulController]
[2m2018-04-01 01:08:53.284[0;39m [32m INFO[0;39m [35m65[0;39m [2m---[0;39m [2m[nio-8080-exec-2][0;39m [36ms.c.a.AnnotationConfigApplicationContext[0;39m [2m:[0;39m Refreshing org.springframework.context.annotation.AnnotationConfigApplicationContext@70ceb775: startup date [Sun Apr 01 01:08:53 GMT 2018]; parent: org.springframework.boot.context.embedded.AnnotationConfigEmbeddedWebApplicationContext@5812f68b
[2m2018-04-01 01:08:53.460[0;39m [32m INFO[0;39m [35m65[0;39m [2m---[0;39m [2m[nio-8080-exec-2][0;39m [36mf.a.AutowiredAnnotationBeanPostProcessor[0;39m [2m:[0;39m JSR-330 'javax.inject.Inject' annotation found and supported for autowiring
[2m2018-04-01 01:08:53.948[0;39m [32m INFO[0;39m [35m65[0;39m [2m---[0;39m [2m[nio-8080-exec-2][0;39m [36mc.netflix.config.ChainedDynamicProperty [0;39m [2m:[0;39m Flipping property: users.ribbon.ActiveConnectionsLimit to use NEXT property: niws.loadbalancer.availabilityFilteringRule.activeConnectionsLimit = 2147483647
[2m2018-04-01 01:08:53.981[0;39m [32m INFO[0;39m [35m65[0;39m [2m---[0;39m [2m[nio-8080-exec-2][0;39m [36mc.n.u.concurrent.ShutdownEnabledTimer   [0;39m [2m:[0;39m Shutdown hook installed for: NFLoadBalancer-PingTimer-users
[2m2018-04-01 01:08:54.045[0;39m [32m INFO[0;39m [35m65[0;39m [2m---[0;39m [2m[nio-8080-exec-2][0;39m [36mc.netflix.loadbalancer.BaseLoadBalancer [0;39m [2m:[0;39m Client: users instantiated a LoadBalancer: DynamicServerListLoadBalancer:{NFLoadBalancer:name=users,current list of Servers=[],Load balancer stats=Zone stats: {},Server stats: []}ServerList:null
[2m2018-04-01 01:08:54.066[0;39m [32m INFO[0;39m [35m65[0;39m [2m---[0;39m [2m[nio-8080-exec-2][0;39m [36mc.n.l.DynamicServerListLoadBalancer     [0;39m [2m:[0;39m Using serverListUpdater PollingServerListUpdater
[2m2018-04-01 01:08:54.131[0;39m [32m INFO[0;39m [35m65[0;39m [2m---[0;39m [2m[nio-8080-exec-2][0;39m [36mc.netflix.config.ChainedDynamicProperty [0;39m [2m:[0;39m Flipping property: users.ribbon.ActiveConnectionsLimit to use NEXT property: niws.loadbalancer.availabilityFilteringRule.activeConnectionsLimit = 2147483647
[2m2018-04-01 01:08:54.135[0;39m [32m INFO[0;39m [35m65[0;39m [2m---[0;39m [2m[nio-8080-exec-2][0;39m [36mc.n.l.DynamicServerListLoadBalancer     [0;39m [2m:[0;39m DynamicServerListLoadBalancer for client users initialized: DynamicServerListLoadBalancer:{NFLoadBalancer:name=users,current list of Servers=[7d89aa25d029:8081],Load balancer stats=Zone stats: {defaultzone=[Zone:defaultzone;	Instance count:1;	Active connections count: 0;	Circuit breaker tripped count: 0;	Active connections per server: 0.0;]
},Server stats: [[Server:7d89aa25d029:8081;	Zone:defaultZone;	Total Requests:0;	Successive connection failure:0;	Total blackout seconds:0;	Last connection made:Thu Jan 01 00:00:00 GMT 1970;	First connection made: Thu Jan 01 00:00:00 GMT 1970;	Active Connections:0;	total failure count in last (1000) msecs:0;	average resp time:0.0;	90 percentile resp time:0.0;	95 percentile resp time:0.0;	min resp time:0.0;	max resp time:0.0;	stddev resp time:0.0]
]}ServerList:org.springframework.cloud.netflix.ribbon.eureka.DomainExtractingServerList@7001e2ba
[2m2018-04-01 01:08:55.083[0;39m [32m INFO[0;39m [35m65[0;39m [2m---[0;39m [2m[erListUpdater-0][0;39m [36mc.netflix.config.ChainedDynamicProperty [0;39m [2m:[0;39m Flipping property: users.ribbon.ActiveConnectionsLimit to use NEXT property: niws.loadbalancer.availabilityFilteringRule.activeConnectionsLimit = 2147483647
[2m2018-04-01 01:08:55.992[0;39m [33m WARN[0;39m [35m65[0;39m [2m---[0;39m [2m[nio-8080-exec-2][0;39m [36mo.s.c.n.z.filters.post.SendErrorFilter  [0;39m [2m:[0;39m Error during filtering

com.netflix.zuul.exception.ZuulException: Forwarding error
	at org.springframework.cloud.netflix.zuul.filters.route.RibbonRoutingFilter.handleException(RibbonRoutingFilter.java:189) ~[spring-cloud-netflix-core-1.4.0.RELEASE.jar:1.4.0.RELEASE]
	at org.springframework.cloud.netflix.zuul.filters.route.RibbonRoutingFilter.forward(RibbonRoutingFilter.java:164) ~[spring-cloud-netflix-core-1.4.0.RELEASE.jar:1.4.0.RELEASE]
	at org.springframework.cloud.netflix.zuul.filters.route.RibbonRoutingFilter.run(RibbonRoutingFilter.java:111) ~[spring-cloud-netflix-core-1.4.0.RELEASE.jar:1.4.0.RELEASE]
	at com.netflix.zuul.ZuulFilter.runFilter(ZuulFilter.java:112) ~[zuul-core-1.3.0.jar:1.3.0]
	at com.netflix.zuul.FilterProcessor.processZuulFilter(FilterProcessor.java:193) ~[zuul-core-1.3.0.jar:1.3.0]
	at com.netflix.zuul.FilterProcessor.runFilters(FilterProcessor.java:157) ~[zuul-core-1.3.0.jar:1.3.0]
	at com.netflix.zuul.FilterProcessor.route(FilterProcessor.java:118) ~[zuul-core-1.3.0.jar:1.3.0]
	at com.netflix.zuul.ZuulRunner.route(ZuulRunner.java:96) ~[zuul-core-1.3.0.jar:1.3.0]
	at com.netflix.zuul.http.ZuulServlet.route(ZuulServlet.java:116) ~[zuul-core-1.3.0.jar:1.3.0]
	at com.netflix.zuul.http.ZuulServlet.service(ZuulServlet.java:81) ~[zuul-core-1.3.0.jar:1.3.0]
	at org.springframework.web.servlet.mvc.ServletWrappingController.handleRequestInternal(ServletWrappingController.java:157) [spring-webmvc-4.3.12.RELEASE.jar:4.3.12.RELEASE]
	at org.springframework.cloud.netflix.zuul.web.ZuulController.handleRequest(ZuulController.java:44) [spring-cloud-netflix-core-1.4.0.RELEASE.jar:1.4.0.RELEASE]
	at org.springframework.web.servlet.mvc.SimpleControllerHandlerAdapter.handle(SimpleControllerHandlerAdapter.java:50) [spring-webmvc-4.3.12.RELEASE.jar:4.3.12.RELEASE]
	at org.springframework.web.servlet.DispatcherServlet.doDispatch(DispatcherServlet.java:967) [spring-webmvc-4.3.12.RELEASE.jar:4.3.12.RELEASE]
	at org.springframework.web.servlet.DispatcherServlet.doService(DispatcherServlet.java:901) [spring-webmvc-4.3.12.RELEASE.jar:4.3.12.RELEASE]
	at org.springframework.web.servlet.FrameworkServlet.processRequest(FrameworkServlet.java:970) [spring-webmvc-4.3.12.RELEASE.jar:4.3.12.RELEASE]
	at org.springframework.web.servlet.FrameworkServlet.doGet(FrameworkServlet.java:861) [spring-webmvc-4.3.12.RELEASE.jar:4.3.12.RELEASE]
	at javax.servlet.http.HttpServlet.doHead(HttpServlet.java:245) [tomcat-embed-core-8.5.23.jar:8.5.23]
	at javax.servlet.http.HttpServlet.service(HttpServlet.java:658) [tomcat-embed-core-8.5.23.jar:8.5.23]
	at org.springframework.web.servlet.FrameworkServlet.service(FrameworkServlet.java:846) [spring-webmvc-4.3.12.RELEASE.jar:4.3.12.RELEASE]
	at javax.servlet.http.HttpServlet.service(HttpServlet.java:742) [tomcat-embed-core-8.5.23.jar:8.5.23]
	at org.apache.catalina.core.ApplicationFilterChain.internalDoFilter(ApplicationFilterChain.java:231) [tomcat-embed-core-8.5.23.jar:8.5.23]
	at org.apache.catalina.core.ApplicationFilterChain.doFilter(ApplicationFilterChain.java:166) [tomcat-embed-core-8.5.23.jar:8.5.23]
	at org.apache.tomcat.websocket.server.WsFilter.doFilter(WsFilter.java:52) [tomcat-embed-websocket-8.5.23.jar:8.5.23]
	at org.apache.catalina.core.ApplicationFilterChain.internalDoFilter(ApplicationFilterChain.java:193) [tomcat-embed-core-8.5.23.jar:8.5.23]
	at org.apache.catalina.core.ApplicationFilterChain.doFilter(ApplicationFilterChain.java:166) [tomcat-embed-core-8.5.23.jar:8.5.23]
	at org.springframework.boot.web.filter.ApplicationContextHeaderFilter.doFilterInternal(ApplicationContextHeaderFilter.java:55) [spring-boot-1.5.8.RELEASE.jar:1.5.8.RELEASE]
	at org.springframework.web.filter.OncePerRequestFilter.doFilter(OncePerRequestFilter.java:107) [spring-web-4.3.12.RELEASE.jar:4.3.12.RELEASE]
	at org.apache.catalina.core.ApplicationFilterChain.internalDoFilter(ApplicationFilterChain.java:193) [tomcat-embed-core-8.5.23.jar:8.5.23]
	at org.apache.catalina.core.ApplicationFilterChain.doFilter(ApplicationFilterChain.java:166) [tomcat-embed-core-8.5.23.jar:8.5.23]
	at org.springframework.boot.actuate.trace.WebRequestTraceFilter.doFilterInternal(WebRequestTraceFilter.java:110) [spring-boot-actuator-1.5.8.RELEASE.jar:1.5.8.RELEASE]
	at org.springframework.web.filter.OncePerRequestFilter.doFilter(OncePerRequestFilter.java:107) [spring-web-4.3.12.RELEASE.jar:4.3.12.RELEASE]
	at org.apache.catalina.core.ApplicationFilterChain.internalDoFilter(ApplicationFilterChain.java:193) [tomcat-embed-core-8.5.23.jar:8.5.23]
	at org.apache.catalina.core.ApplicationFilterChain.doFilter(ApplicationFilterChain.java:166) [tomcat-embed-core-8.5.23.jar:8.5.23]
	at org.springframework.web.filter.RequestContextFilter.doFilterInternal(RequestContextFilter.java:99) [spring-web-4.3.12.RELEASE.jar:4.3.12.RELEASE]
	at org.springframework.web.filter.OncePerRequestFilter.doFilter(OncePerRequestFilter.java:107) [spring-web-4.3.12.RELEASE.jar:4.3.12.RELEASE]
	at org.apache.catalina.core.ApplicationFilterChain.internalDoFilter(ApplicationFilterChain.java:193) [tomcat-embed-core-8.5.23.jar:8.5.23]
	at org.apache.catalina.core.ApplicationFilterChain.doFilter(ApplicationFilterChain.java:166) [tomcat-embed-core-8.5.23.jar:8.5.23]
	at org.springframework.web.filter.HttpPutFormContentFilter.doFilterInternal(HttpPutFormContentFilter.java:108) [spring-web-4.3.12.RELEASE.jar:4.3.12.RELEASE]
	at org.springframework.web.filter.OncePerRequestFilter.doFilter(OncePerRequestFilter.java:107) [spring-web-4.3.12.RELEASE.jar:4.3.12.RELEASE]
	at org.apache.catalina.core.ApplicationFilterChain.internalDoFilter(ApplicationFilterChain.java:193) [tomcat-embed-core-8.5.23.jar:8.5.23]
	at org.apache.catalina.core.ApplicationFilterChain.doFilter(ApplicationFilterChain.java:166) [tomcat-embed-core-8.5.23.jar:8.5.23]
	at org.springframework.web.filter.HiddenHttpMethodFilter.doFilterInternal(HiddenHttpMethodFilter.java:81) [spring-web-4.3.12.RELEASE.jar:4.3.12.RELEASE]
	at org.springframework.web.filter.OncePerRequestFilter.doFilter(OncePerRequestFilter.java:107) [spring-web-4.3.12.RELEASE.jar:4.3.12.RELEASE]
	at org.apache.catalina.core.ApplicationFilterChain.internalDoFilter(ApplicationFilterChain.java:193) [tomcat-embed-core-8.5.23.jar:8.5.23]
	at org.apache.catalina.core.ApplicationFilterChain.doFilter(ApplicationFilterChain.java:166) [tomcat-embed-core-8.5.23.jar:8.5.23]
	at org.springframework.web.filter.CharacterEncodingFilter.doFilterInternal(CharacterEncodingFilter.java:197) [spring-web-4.3.12.RELEASE.jar:4.3.12.RELEASE]
	at org.springframework.web.filter.OncePerRequestFilter.doFilter(OncePerRequestFilter.java:107) [spring-web-4.3.12.RELEASE.jar:4.3.12.RELEASE]
	at org.apache.catalina.core.ApplicationFilterChain.internalDoFilter(ApplicationFilterChain.java:193) [tomcat-embed-core-8.5.23.jar:8.5.23]
	at org.apache.catalina.core.ApplicationFilterChain.doFilter(ApplicationFilterChain.java:166) [tomcat-embed-core-8.5.23.jar:8.5.23]
	at org.springframework.boot.actuate.autoconfigure.MetricsFilter.doFilterInternal(MetricsFilter.java:106) [spring-boot-actuator-1.5.8.RELEASE.jar:1.5.8.RELEASE]
	at org.springframework.web.filter.OncePerRequestFilter.doFilter(OncePerRequestFilter.java:107) [spring-web-4.3.12.RELEASE.jar:4.3.12.RELEASE]
	at org.apache.catalina.core.ApplicationFilterChain.internalDoFilter(ApplicationFilterChain.java:193) [tomcat-embed-core-8.5.23.jar:8.5.23]
	at org.apache.catalina.core.ApplicationFilterChain.doFilter(ApplicationFilterChain.java:166) [tomcat-embed-core-8.5.23.jar:8.5.23]
	at org.apache.catalina.core.StandardWrapperValve.invoke(StandardWrapperValve.java:199) [tomcat-embed-core-8.5.23.jar:8.5.23]
	at org.apache.catalina.core.StandardContextValve.invoke(StandardContextValve.java:96) [tomcat-embed-core-8.5.23.jar:8.5.23]
	at org.apache.catalina.authenticator.AuthenticatorBase.invoke(AuthenticatorBase.java:478) [tomcat-embed-core-8.5.23.jar:8.5.23]
	at org.apache.catalina.core.StandardHostValve.invoke(StandardHostValve.java:140) [tomcat-embed-core-8.5.23.jar:8.5.23]
	at org.apache.catalina.valves.ErrorReportValve.invoke(ErrorReportValve.java:81) [tomcat-embed-core-8.5.23.jar:8.5.23]
	at org.apache.catalina.core.StandardEngineValve.invoke(StandardEngineValve.java:87) [tomcat-embed-core-8.5.23.jar:8.5.23]
	at org.apache.catalina.connector.CoyoteAdapter.service(CoyoteAdapter.java:342) [tomcat-embed-core-8.5.23.jar:8.5.23]
	at org.apache.coyote.http11.Http11Processor.service(Http11Processor.java:803) [tomcat-embed-core-8.5.23.jar:8.5.23]
	at org.apache.coyote.AbstractProcessorLight.process(AbstractProcessorLight.java:66) [tomcat-embed-core-8.5.23.jar:8.5.23]
	at org.apache.coyote.AbstractProtocol$ConnectionHandler.process(AbstractProtocol.java:868) [tomcat-embed-core-8.5.23.jar:8.5.23]
	at org.apache.tomcat.util.net.NioEndpoint$SocketProcessor.doRun(NioEndpoint.java:1459) [tomcat-embed-core-8.5.23.jar:8.5.23]
	at org.apache.tomcat.util.net.SocketProcessorBase.run(SocketProcessorBase.java:49) [tomcat-embed-core-8.5.23.jar:8.5.23]
	at java.util.concurrent.ThreadPoolExecutor.runWorker(ThreadPoolExecutor.java:1149) [na:1.8.0_162]
	at java.util.concurrent.ThreadPoolExecutor$Worker.run(ThreadPoolExecutor.java:624) [na:1.8.0_162]
	at org.apache.tomcat.util.threads.TaskThread$WrappingRunnable.run(TaskThread.java:61) [tomcat-embed-core-8.5.23.jar:8.5.23]
	at java.lang.Thread.run(Thread.java:748) [na:1.8.0_162]
Caused by: com.netflix.client.ClientException: null
	at com.netflix.client.AbstractLoadBalancerAwareClient.executeWithLoadBalancer(AbstractLoadBalancerAwareClient.java:118) ~[ribbon-loadbalancer-2.2.4.jar:2.2.4]
	at org.springframework.cloud.netflix.zuul.filters.route.support.AbstractRibbonCommand.run(AbstractRibbonCommand.java:117) ~[spring-cloud-netflix-core-1.4.0.RELEASE.jar:1.4.0.RELEASE]
	at org.springframework.cloud.netflix.zuul.filters.route.support.AbstractRibbonCommand.run(AbstractRibbonCommand.java:46) ~[spring-cloud-netflix-core-1.4.0.RELEASE.jar:1.4.0.RELEASE]
	at com.netflix.hystrix.HystrixCommand$2.call(HystrixCommand.java:302) ~[hystrix-core-1.5.12.jar:1.5.12]
	at com.netflix.hystrix.HystrixCommand$2.call(HystrixCommand.java:298) ~[hystrix-core-1.5.12.jar:1.5.12]
	at rx.internal.operators.OnSubscribeDefer.call(OnSubscribeDefer.java:46) ~[rxjava-1.2.0.jar:1.2.0]
	at rx.internal.operators.OnSubscribeDefer.call(OnSubscribeDefer.java:35) ~[rxjava-1.2.0.jar:1.2.0]
	at rx.internal.operators.OnSubscribeLift.call(OnSubscribeLift.java:48) ~[rxjava-1.2.0.jar:1.2.0]
	at rx.internal.operators.OnSubscribeLift.call(OnSubscribeLift.java:30) ~[rxjava-1.2.0.jar:1.2.0]
	at rx.internal.operators.OnSubscribeLift.call(OnSubscribeLift.java:48) ~[rxjava-1.2.0.jar:1.2.0]
	at rx.internal.operators.OnSubscribeLift.call(OnSubscribeLift.java:30) ~[rxjava-1.2.0.jar:1.2.0]
	at rx.internal.operators.OnSubscribeLift.call(OnSubscribeLift.java:48) ~[rxjava-1.2.0.jar:1.2.0]
	at rx.internal.operators.OnSubscribeLift.call(OnSubscribeLift.java:30) ~[rxjava-1.2.0.jar:1.2.0]
	at rx.Observable.unsafeSubscribe(Observable.java:10151) ~[rxjava-1.2.0.jar:1.2.0]
	at rx.internal.operators.OnSubscribeDefer.call(OnSubscribeDefer.java:51) ~[rxjava-1.2.0.jar:1.2.0]
	at rx.internal.operators.OnSubscribeDefer.call(OnSubscribeDefer.java:35) ~[rxjava-1.2.0.jar:1.2.0]
	at rx.internal.operators.OnSubscribeLift.call(OnSubscribeLift.java:48) ~[rxjava-1.2.0.jar:1.2.0]
	at rx.internal.operators.OnSubscribeLift.call(OnSubscribeLift.java:30) ~[rxjava-1.2.0.jar:1.2.0]
	at rx.Observable.unsafeSubscribe(Observable.java:10151) ~[rxjava-1.2.0.jar:1.2.0]
	at rx.internal.operators.OnSubscribeDoOnEach.call(OnSubscribeDoOnEach.java:41) ~[rxjava-1.2.0.jar:1.2.0]
	at rx.internal.operators.OnSubscribeDoOnEach.call(OnSubscribeDoOnEach.java:30) ~[rxjava-1.2.0.jar:1.2.0]
	at rx.Observable.unsafeSubscribe(Observable.java:10151) ~[rxjava-1.2.0.jar:1.2.0]
	at rx.internal.operators.OnSubscribeDoOnEach.call(OnSubscribeDoOnEach.java:41) ~[rxjava-1.2.0.jar:1.2.0]
	at rx.internal.operators.OnSubscribeDoOnEach.call(OnSubscribeDoOnEach.java:30) ~[rxjava-1.2.0.jar:1.2.0]
	at rx.internal.operators.OnSubscribeLift.call(OnSubscribeLift.java:48) ~[rxjava-1.2.0.jar:1.2.0]
	at rx.internal.operators.OnSubscribeLift.call(OnSubscribeLift.java:30) ~[rxjava-1.2.0.jar:1.2.0]
	at rx.Observable.unsafeSubscribe(Observable.java:10151) ~[rxjava-1.2.0.jar:1.2.0]
	at rx.internal.operators.OnSubscribeDoOnEach.call(OnSubscribeDoOnEach.java:41) ~[rxjava-1.2.0.jar:1.2.0]
	at rx.internal.operators.OnSubscribeDoOnEach.call(OnSubscribeDoOnEach.java:30) ~[rxjava-1.2.0.jar:1.2.0]
	at rx.Observable.unsafeSubscribe(Observable.java:10151) ~[rxjava-1.2.0.jar:1.2.0]
	at rx.internal.operators.OnSubscribeDoOnEach.call(OnSubscribeDoOnEach.java:41) ~[rxjava-1.2.0.jar:1.2.0]
	at rx.internal.operators.OnSubscribeDoOnEach.call(OnSubscribeDoOnEach.java:30) ~[rxjava-1.2.0.jar:1.2.0]
	at rx.Observable.unsafeSubscribe(Observable.java:10151) ~[rxjava-1.2.0.jar:1.2.0]
	at rx.internal.operators.OnSubscribeDoOnEach.call(OnSubscribeDoOnEach.java:41) ~[rxjava-1.2.0.jar:1.2.0]
	at rx.internal.operators.OnSubscribeDoOnEach.call(OnSubscribeDoOnEach.java:30) ~[rxjava-1.2.0.jar:1.2.0]
	at rx.internal.operators.OnSubscribeLift.call(OnSubscribeLift.java:48) ~[rxjava-1.2.0.jar:1.2.0]
	at rx.internal.operators.OnSubscribeLift.call(OnSubscribeLift.java:30) ~[rxjava-1.2.0.jar:1.2.0]
	at rx.Observable.unsafeSubscribe(Observable.java:10151) ~[rxjava-1.2.0.jar:1.2.0]
	at rx.internal.operators.OnSubscribeDefer.call(OnSubscribeDefer.java:51) ~[rxjava-1.2.0.jar:1.2.0]
	at rx.internal.operators.OnSubscribeDefer.call(OnSubscribeDefer.java:35) ~[rxjava-1.2.0.jar:1.2.0]
	at rx.Observable.unsafeSubscribe(Observable.java:10151) ~[rxjava-1.2.0.jar:1.2.0]
	at rx.internal.operators.OnSubscribeMap.call(OnSubscribeMap.java:48) ~[rxjava-1.2.0.jar:1.2.0]
	at rx.internal.operators.OnSubscribeMap.call(OnSubscribeMap.java:33) ~[rxjava-1.2.0.jar:1.2.0]
	at rx.Observable.unsafeSubscribe(Observable.java:10151) ~[rxjava-1.2.0.jar:1.2.0]
	at rx.internal.operators.OnSubscribeDoOnEach.call(OnSubscribeDoOnEach.java:41) ~[rxjava-1.2.0.jar:1.2.0]
	at rx.internal.operators.OnSubscribeDoOnEach.call(OnSubscribeDoOnEach.java:30) ~[rxjava-1.2.0.jar:1.2.0]
	at rx.internal.operators.OnSubscribeLift.call(OnSubscribeLift.java:48) ~[rxjava-1.2.0.jar:1.2.0]
	at rx.internal.operators.OnSubscribeLift.call(OnSubscribeLift.java:30) ~[rxjava-1.2.0.jar:1.2.0]
	at rx.Observable.unsafeSubscribe(Observable.java:10151) ~[rxjava-1.2.0.jar:1.2.0]
	at rx.internal.operators.OnSubscribeDoOnEach.call(OnSubscribeDoOnEach.java:41) ~[rxjava-1.2.0.jar:1.2.0]
	at rx.internal.operators.OnSubscribeDoOnEach.call(OnSubscribeDoOnEach.java:30) ~[rxjava-1.2.0.jar:1.2.0]
	at rx.Observable.unsafeSubscribe(Observable.java:10151) ~[rxjava-1.2.0.jar:1.2.0]
	at rx.internal.operators.OnSubscribeDefer.call(OnSubscribeDefer.java:51) ~[rxjava-1.2.0.jar:1.2.0]
	at rx.internal.operators.OnSubscribeDefer.call(OnSubscribeDefer.java:35) ~[rxjava-1.2.0.jar:1.2.0]
	at rx.internal.operators.OnSubscribeLift.call(OnSubscribeLift.java:48) ~[rxjava-1.2.0.jar:1.2.0]
	at rx.internal.operators.OnSubscribeLift.call(OnSubscribeLift.java:30) ~[rxjava-1.2.0.jar:1.2.0]
	at rx.Observable.subscribe(Observable.java:10247) ~[rxjava-1.2.0.jar:1.2.0]
	at rx.Observable.subscribe(Observable.java:10214) ~[rxjava-1.2.0.jar:1.2.0]
	at rx.internal.operators.BlockingOperatorToFuture.toFuture(BlockingOperatorToFuture.java:51) ~[rxjava-1.2.0.jar:1.2.0]
	at rx.observables.BlockingObservable.toFuture(BlockingObservable.java:411) ~[rxjava-1.2.0.jar:1.2.0]
	at com.netflix.hystrix.HystrixCommand.queue(HystrixCommand.java:378) ~[hystrix-core-1.5.12.jar:1.5.12]
	at com.netflix.hystrix.HystrixCommand.execute(HystrixCommand.java:344) ~[hystrix-core-1.5.12.jar:1.5.12]
	at org.springframework.cloud.netflix.zuul.filters.route.RibbonRoutingFilter.forward(RibbonRoutingFilter.java:158) ~[spring-cloud-netflix-core-1.4.0.RELEASE.jar:1.4.0.RELEASE]
	... 68 common frames omitted
Caused by: java.lang.RuntimeException: java.net.SocketTimeoutException: Read timed out
	at rx.exceptions.Exceptions.propagate(Exceptions.java:58) ~[rxjava-1.2.0.jar:1.2.0]
	at rx.observables.BlockingObservable.blockForSingle(BlockingObservable.java:464) ~[rxjava-1.2.0.jar:1.2.0]
	at rx.observables.BlockingObservable.single(BlockingObservable.java:341) ~[rxjava-1.2.0.jar:1.2.0]
	at com.netflix.client.AbstractLoadBalancerAwareClient.executeWithLoadBalancer(AbstractLoadBalancerAwareClient.java:112) ~[ribbon-loadbalancer-2.2.4.jar:2.2.4]
	... 130 common frames omitted
Caused by: java.net.SocketTimeoutException: Read timed out
	at java.net.SocketInputStream.socketRead0(Native Method) ~[na:1.8.0_162]
	at java.net.SocketInputStream.socketRead(SocketInputStream.java:116) ~[na:1.8.0_162]
	at java.net.SocketInputStream.read(SocketInputStream.java:171) ~[na:1.8.0_162]
	at java.net.SocketInputStream.read(SocketInputStream.java:141) ~[na:1.8.0_162]
	at org.apache.http.impl.io.SessionInputBufferImpl.streamRead(SessionInputBufferImpl.java:137) ~[httpcore-4.4.8.jar:4.4.8]
	at org.apache.http.impl.io.SessionInputBufferImpl.fillBuffer(SessionInputBufferImpl.java:153) ~[httpcore-4.4.8.jar:4.4.8]
	at org.apache.http.impl.io.SessionInputBufferImpl.readLine(SessionInputBufferImpl.java:282) ~[httpcore-4.4.8.jar:4.4.8]
	at org.apache.http.impl.conn.DefaultHttpResponseParser.parseHead(DefaultHttpResponseParser.java:138) ~[httpclient-4.5.3.jar:4.5.3]
	at org.apache.http.impl.conn.DefaultHttpResponseParser.parseHead(DefaultHttpResponseParser.java:56) ~[httpclient-4.5.3.jar:4.5.3]
	at org.apache.http.impl.io.AbstractMessageParser.parse(AbstractMessageParser.java:259) ~[httpcore-4.4.8.jar:4.4.8]
	at org.apache.http.impl.DefaultBHttpClientConnection.receiveResponseHeader(DefaultBHttpClientConnection.java:163) ~[httpcore-4.4.8.jar:4.4.8]
	at org.apache.http.impl.conn.CPoolProxy.receiveResponseHeader(CPoolProxy.java:165) ~[httpclient-4.5.3.jar:4.5.3]
	at org.apache.http.protocol.HttpRequestExecutor.doReceiveResponse(HttpRequestExecutor.java:273) ~[httpcore-4.4.8.jar:4.4.8]
	at org.apache.http.protocol.HttpRequestExecutor.execute(HttpRequestExecutor.java:125) ~[httpcore-4.4.8.jar:4.4.8]
	at org.apache.http.impl.execchain.MainClientExec.execute(MainClientExec.java:272) ~[httpclient-4.5.3.jar:4.5.3]
	at org.apache.http.impl.execchain.ProtocolExec.execute(ProtocolExec.java:185) ~[httpclient-4.5.3.jar:4.5.3]
	at org.apache.http.impl.execchain.RetryExec.execute(RetryExec.java:89) ~[httpclient-4.5.3.jar:4.5.3]
	at org.apache.http.impl.execchain.RedirectExec.execute(RedirectExec.java:111) ~[httpclient-4.5.3.jar:4.5.3]
	at org.apache.http.impl.client.InternalHttpClient.doExecute(InternalHttpClient.java:185) ~[httpclient-4.5.3.jar:4.5.3]
	at org.apache.http.impl.client.CloseableHttpClient.execute(CloseableHttpClient.java:83) ~[httpclient-4.5.3.jar:4.5.3]
	at org.apache.http.impl.client.CloseableHttpClient.execute(CloseableHttpClient.java:108) ~[httpclient-4.5.3.jar:4.5.3]
	at org.springframework.cloud.netflix.ribbon.apache.RibbonLoadBalancingHttpClient.execute(RibbonLoadBalancingHttpClient.java:86) ~[spring-cloud-netflix-core-1.4.0.RELEASE.jar:1.4.0.RELEASE]
	at org.springframework.cloud.netflix.ribbon.apache.RibbonLoadBalancingHttpClient.execute(RibbonLoadBalancingHttpClient.java:42) ~[spring-cloud-netflix-core-1.4.0.RELEASE.jar:1.4.0.RELEASE]
	at com.netflix.client.AbstractLoadBalancerAwareClient$1.call(AbstractLoadBalancerAwareClient.java:104) ~[ribbon-loadbalancer-2.2.4.jar:2.2.4]
	at com.netflix.loadbalancer.reactive.LoadBalancerCommand$3$1.call(LoadBalancerCommand.java:303) ~[ribbon-loadbalancer-2.2.4.jar:2.2.4]
	at com.netflix.loadbalancer.reactive.LoadBalancerCommand$3$1.call(LoadBalancerCommand.java:287) ~[ribbon-loadbalancer-2.2.4.jar:2.2.4]
	at rx.internal.util.ScalarSynchronousObservable$3.call(ScalarSynchronousObservable.java:231) ~[rxjava-1.2.0.jar:1.2.0]
	at rx.internal.util.ScalarSynchronousObservable$3.call(ScalarSynchronousObservable.java:228) ~[rxjava-1.2.0.jar:1.2.0]
	at rx.Observable.unsafeSubscribe(Observable.java:10151) ~[rxjava-1.2.0.jar:1.2.0]
	at rx.internal.operators.OnSubscribeConcatMap$ConcatMapSubscriber.drain(OnSubscribeConcatMap.java:286) ~[rxjava-1.2.0.jar:1.2.0]
	at rx.internal.operators.OnSubscribeConcatMap$ConcatMapSubscriber.onNext(OnSubscribeConcatMap.java:144) ~[rxjava-1.2.0.jar:1.2.0]
	at com.netflix.loadbalancer.reactive.LoadBalancerCommand$1.call(LoadBalancerCommand.java:185) ~[ribbon-loadbalancer-2.2.4.jar:2.2.4]
	at com.netflix.loadbalancer.reactive.LoadBalancerCommand$1.call(LoadBalancerCommand.java:180) ~[ribbon-loadbalancer-2.2.4.jar:2.2.4]
	at rx.Observable.unsafeSubscribe(Observable.java:10151) ~[rxjava-1.2.0.jar:1.2.0]
	at rx.internal.operators.OnSubscribeConcatMap.call(OnSubscribeConcatMap.java:94) ~[rxjava-1.2.0.jar:1.2.0]
	at rx.internal.operators.OnSubscribeConcatMap.call(OnSubscribeConcatMap.java:42) ~[rxjava-1.2.0.jar:1.2.0]
	at rx.Observable.unsafeSubscribe(Observable.java:10151) ~[rxjava-1.2.0.jar:1.2.0]
	at rx.internal.operators.OperatorRetryWithPredicate$SourceSubscriber$1.call(OperatorRetryWithPredicate.java:127) ~[rxjava-1.2.0.jar:1.2.0]
	at rx.internal.schedulers.TrampolineScheduler$InnerCurrentThreadScheduler.enqueue(TrampolineScheduler.java:73) ~[rxjava-1.2.0.jar:1.2.0]
	at rx.internal.schedulers.TrampolineScheduler$InnerCurrentThreadScheduler.schedule(TrampolineScheduler.java:52) ~[rxjava-1.2.0.jar:1.2.0]
	at rx.internal.operators.OperatorRetryWithPredicate$SourceSubscriber.onNext(OperatorRetryWithPredicate.java:79) ~[rxjava-1.2.0.jar:1.2.0]
	at rx.internal.operators.OperatorRetryWithPredicate$SourceSubscriber.onNext(OperatorRetryWithPredicate.java:45) ~[rxjava-1.2.0.jar:1.2.0]
	at rx.internal.util.ScalarSynchronousObservable$WeakSingleProducer.request(ScalarSynchronousObservable.java:276) ~[rxjava-1.2.0.jar:1.2.0]
	at rx.Subscriber.setProducer(Subscriber.java:209) ~[rxjava-1.2.0.jar:1.2.0]
	at rx.internal.util.ScalarSynchronousObservable$JustOnSubscribe.call(ScalarSynchronousObservable.java:138) ~[rxjava-1.2.0.jar:1.2.0]
	at rx.internal.util.ScalarSynchronousObservable$JustOnSubscribe.call(ScalarSynchronousObservable.java:129) ~[rxjava-1.2.0.jar:1.2.0]
	at rx.internal.operators.OnSubscribeLift.call(OnSubscribeLift.java:48) ~[rxjava-1.2.0.jar:1.2.0]
	at rx.internal.operators.OnSubscribeLift.call(OnSubscribeLift.java:30) ~[rxjava-1.2.0.jar:1.2.0]
	at rx.internal.operators.OnSubscribeLift.call(OnSubscribeLift.java:48) ~[rxjava-1.2.0.jar:1.2.0]
	at rx.internal.operators.OnSubscribeLift.call(OnSubscribeLift.java:30) ~[rxjava-1.2.0.jar:1.2.0]
	at rx.internal.operators.OnSubscribeLift.call(OnSubscribeLift.java:48) ~[rxjava-1.2.0.jar:1.2.0]
	at rx.internal.operators.OnSubscribeLift.call(OnSubscribeLift.java:30) ~[rxjava-1.2.0.jar:1.2.0]
	at rx.Observable.subscribe(Observable.java:10247) ~[rxjava-1.2.0.jar:1.2.0]
	at rx.Observable.subscribe(Observable.java:10214) ~[rxjava-1.2.0.jar:1.2.0]
	at rx.observables.BlockingObservable.blockForSingle(BlockingObservable.java:444) ~[rxjava-1.2.0.jar:1.2.0]
	... 132 common frames omitted

